<?xml version="1.0" encoding="UTF-8"?>
<testsuite name="VX100_EVB" tests="8" failures="0" errors="0" skipped="2" time="89.31">
  <testcase name="wifi_check" classname="wifi_check" time="2.02">
  </testcase>
  <testcase name="wifi_scan" classname="wifi_scan" time="0.00">
    <skipped message="WiFi 已连接（IP=172.20.10.3），跳过扫描测试" />
  </testcase>
  <testcase name="wifi_join" classname="wifi_join" time="0.00">
    <skipped message="WiFi 已连接 (KhalilFong/172.20.10.3)，跳过 join 测试" />
  </testcase>
  <testcase name="emmc" classname="emmc" time="2.00">
  </testcase>
  <testcase name="ftp" classname="ftp" time="2.71">
  </testcase>
  <testcase name="photo[auto]" classname="photo" time="15.96">
  </testcase>
  <testcase name="video" classname="video" time="37.44">
  </testcase>
  <testcase name="rtmp" classname="rtmp" time="29.18">
  </testcase>
</testsuite>