<?xml version="1.0" encoding="UTF-8"?>
<testsuite name="VX100_EVB" tests="7" failures="0" errors="0" skipped="0" time="33.40">
  <testcase name="wifi_check" classname="wifi_check" time="0.10">
  </testcase>
  <testcase name="wifi_scan" classname="wifi_scan" time="2.62">
  </testcase>
  <testcase name="wifi_join" classname="wifi_join" time="8.00">
  </testcase>
  <testcase name="emmc" classname="emmc" time="0.03">
  </testcase>
  <testcase name="ftp" classname="ftp" time="1.04">
  </testcase>
  <testcase name="photo[auto]" classname="photo" time="9.60">
  </testcase>
  <testcase name="video" classname="video" time="12.01">
  </testcase>
</testsuite>