<?xml version="1.0" encoding="UTF-8"?>
<testsuite name="VX100_EVB" tests="2" failures="1" errors="0" skipped="1" time="0.00">
  <testcase name="wifi_join" classname="wifi_join" time="0.00">
    <failure message="连接失败或未获取 IP (G-Demo)"><![CDATA[[W/ftp] service go wrong, now wait restarting...
wifi join G-Demo Gdemo@123
[W/ftp] service go wrong, now wait restarting...
[W/ftp] service go wrong, now wait restarting...
[W/ftp] service go wrong, now wait restarting...
[W/WLAN.mgnt] F:rt_wlan_connect L:935 not find ap! ssid:G-Demo,info.ssid.len=6
msh />echo "__EVBTEST_END_939ea0af__"
__EVBTEST_END_939ea0af__
msh />[W/ftp] service go wrong, now wait restarting...
[W/ftp] service go wrong, now wait restarting...
[W/ftp] service go wrong, now wait restarting...
[W/ftp] service go wrong, now wait restarting...
[W/ftp] service go wrong, now wait restarting...
[W/ftp] service go wrong, now wait restarting...
[W/ftp] service go wrong, now wait restarting...
[W/ftp] service go wrong, now wait restarting...
[W/ftp] service go wrong, now wait restarting...
[W/ftp] service go wrong, now wait restarting...
[W/ftp] service go wrong, now wait restarting...
[W/ftp] service go wrong, now wait restarting...
[W/ftp] service go wrong, now wait restarting...
[W/ftp] service go wrong, now wait restarting...
[W/ftp] service go wrong, now wait restarting...
[W/ftp] service go wrong, now wait restarting...
[W/ftp] service go wrong, now wait restarting...
[W/ftp] service go wrong, now wait restarting...
[W/ftp] service go wrong, now wait restarting...
[W/ftp] service go wrong, now wait restarting...
[W/ftp] service go wrong, now wait restarting...
[W/ftp] service go wrong, now wait restarting...
[W/ftp] service go wrong, now wait restarting...
[W/ftp] service go wrong, now wait restarting...
[W/ftp] service go wrong, now wait restarting...
[W/ftp] service go wrong, now wait restarting...
[W/ftp] service go wrong, now wait restarting...
[W/ftp] service go wrong, now wait restarting...
[W/ftp] service go wrong, now wait restarting...
[W/ftp] service go wrong, now wait restarting...
[W/ftp] service go wrong, now wait restarting...
[W/ftp] service go wrong, now wait restarting...
[W/ftp] service go wrong, now wait restarting...
[W/ftp] service go wrong, now wait restarting...
[W/ftp] service go wrong, now wait restarting...
[W/ftp] service go wrong, now wait restarting...
[W/ftp] service go wrong, now wait restarting...
[W/ftp] service go wrong, now wait restarting...
[W/ftp] service go wrong, now wait restarting...
[W/ftp] service go wrong, now wait restarting...
[W/ftp] service go wrong, now wait restarting...
[W/ftp] service go wrong, now wait restarting...
[W/ftp] service go wrong, now wait restarting...
[W/ftp] service go wrong, now wait restarting...
[W/ftp] service go wrong, now wait restarting...
[W/ftp] service go wrong, now wait restarting...
[W/ftp] service go wrong, now wait restarting...
[W/ftp] service go wrong, now wait restarting...
[W/ftp] service go wrong, now wait restarting...
[W/ftp] service go wrong, now wait restarting...
[W/ftp] service go wrong, now wait restarting...
[W/ftp] service go wrong, now wait restarting...
[W/ftp] service go wrong, now wait restarting...
[W/ftp] service go wrong, now wait restarting...
[W/ftp] service go wrong, now wait restarting...
[W/ftp] service go wrong, now wait restarting...
]]></failure>
  </testcase>
  <testcase name="rtmp" classname="rtmp" time="0.00">
    <skipped message="依赖模块未通过: ['wifi_join']" />
  </testcase>
</testsuite>