<?xml version="1.0" encoding="UTF-8"?>
<testsuite name="VX100_EVB" tests="6" failures="0" errors="0" skipped="5" time="2.00">
  <testcase name="wifi_scan" classname="wifi_scan" time="0.00">
    <skipped message="WiFi 已交互连接，跳过扫描测试" />
  </testcase>
  <testcase name="wifi_join" classname="wifi_join" time="0.00">
    <skipped message="依赖模块未通过: ['wifi_scan']" />
  </testcase>
  <testcase name="emmc" classname="emmc" time="2.00">
  </testcase>
  <testcase name="ftp" classname="ftp" time="0.00">
    <skipped message="依赖模块未通过: ['wifi_join']" />
  </testcase>
  <testcase name="photo" classname="photo" time="0.00">
    <skipped message="依赖模块未通过: ['ftp']" />
  </testcase>
  <testcase name="video" classname="video" time="0.00">
    <skipped message="依赖模块未通过: ['ftp']" />
  </testcase>
</testsuite>