<?xml version="1.0" encoding="UTF-8"?>
<testsuite name="VX100_EVB" tests="8" failures="1" errors="0" skipped="2" time="170.63">
  <testcase name="wifi_check" classname="wifi_check" time="2.02">
  </testcase>
  <testcase name="wifi_scan" classname="wifi_scan" time="0.00">
    <skipped message="WiFi 已连接（IP=10.1.90.71），跳过扫描测试" />
  </testcase>
  <testcase name="wifi_join" classname="wifi_join" time="0.00">
    <skipped message="WiFi 已连接 (G-Demo/10.1.90.71)，跳过 join 测试" />
  </testcase>
  <testcase name="emmc" classname="emmc" time="2.00">
  </testcase>
  <testcase name="ftp" classname="ftp" time="3.74">
  </testcase>
  <testcase name="photo[auto]" classname="photo" time="26.95">
  </testcase>
  <testcase name="video" classname="video" time="78.01">
  </testcase>
  <testcase name="rtmp" classname="rtmp" time="57.91">
    <failure message="推流验证失败: ffprobe 探测超时(15.0s)"><![CDATA[{'has_video': False, 'width': 0, 'height': 0, 'codec': '', 'ok': False, 'reason': 'ffprobe 探测超时(15.0s)'}]]></failure>
  </testcase>
</testsuite>