<?xml version="1.0" encoding="UTF-8"?>
<testsuite name="VX100_EVB" tests="8" failures="1" errors="0" skipped="2" time="80.38">
  <testcase name="wifi_check" classname="wifi_check" time="0.64">
  </testcase>
  <testcase name="wifi_scan" classname="wifi_scan" time="0.00">
    <skipped message="WiFi 已连接（IP=10.1.90.71），跳过扫描测试" />
  </testcase>
  <testcase name="wifi_join" classname="wifi_join" time="0.00">
    <skipped message="WiFi 已连接 (G-Demo/10.1.90.71)，跳过 join 测试" />
  </testcase>
  <testcase name="emmc" classname="emmc" time="0.21">
  </testcase>
  <testcase name="ftp" classname="ftp" time="1.93">
  </testcase>
  <testcase name="photo[auto]" classname="photo" time="34.51">
  </testcase>
  <testcase name="video" classname="video" time="8.54">
  </testcase>
  <testcase name="rtmp" classname="rtmp" time="34.55">
    <failure message="推流验证失败: ffprobe 退出码 1: rtmp://10.1.90.128/live/cam: Input/output error"><![CDATA[{'has_video': False, 'width': 0, 'height': 0, 'codec': '', 'ok': False, 'reason': 'ffprobe 退出码 1: rtmp://10.1.90.128/live/cam: Input/output error'}]]></failure>
  </testcase>
</testsuite>