<?xml version="1.0" encoding="UTF-8"?>
<testsuite name="VX100_EVB" tests="6" failures="0" errors="0" skipped="0" time="28.17">
  <testcase name="wifi_scan" classname="wifi_scan" time="2.14">
  </testcase>
  <testcase name="wifi_join" classname="wifi_join" time="8.68">
  </testcase>
  <testcase name="emmc" classname="emmc" time="0.14">
  </testcase>
  <testcase name="ftp" classname="ftp" time="0.84">
  </testcase>
  <testcase name="photo[auto]" classname="photo" time="7.79">
  </testcase>
  <testcase name="video" classname="video" time="8.58">
  </testcase>
</testsuite>