<?xml version="1.0" encoding="UTF-8"?>
<testsuite name="VX100_EVB" tests="6" failures="0" errors="0" skipped="0" time="30.35">
  <testcase name="wifi_scan" classname="wifi_scan" time="2.96">
  </testcase>
  <testcase name="wifi_join" classname="wifi_join" time="8.00">
  </testcase>
  <testcase name="emmc" classname="emmc" time="0.15">
  </testcase>
  <testcase name="ftp" classname="ftp" time="1.58">
  </testcase>
  <testcase name="photo[auto]" classname="photo" time="6.87">
  </testcase>
  <testcase name="video" classname="video" time="10.80">
  </testcase>
</testsuite>