<?xml version="1.0" encoding="UTF-8"?>
<testsuite name="VX100_EVB" tests="8" failures="1" errors="0" skipped="0" time="150.49">
  <testcase name="wifi_check" classname="wifi_check" time="2.02">
  </testcase>
  <testcase name="wifi_scan" classname="wifi_scan" time="4.12">
  </testcase>
  <testcase name="wifi_join" classname="wifi_join" time="8.00">
  </testcase>
  <testcase name="emmc" classname="emmc" time="2.00">
  </testcase>
  <testcase name="ftp" classname="ftp" time="2.99">
  </testcase>
  <testcase name="photo[auto]" classname="photo" time="25.57">
  </testcase>
  <testcase name="video" classname="video" time="105.78">
  </testcase>
  <testcase name="rtmp" classname="rtmp" time="0.00">
    <failure message="推流启动命令失败"><![CDATA[p] service go wrong, now wait restarting...
rtmp_vid]]></failure>
  </testcase>
</testsuite>