<?xml version="1.0" encoding="UTF-8"?>
<testsuite name="VX100_EVB" tests="6" failures="1" errors="0" skipped="0" time="70.56">
  <testcase name="wifi_scan" classname="wifi_scan" time="2.99">
  </testcase>
  <testcase name="wifi_join" classname="wifi_join" time="8.00">
  </testcase>
  <testcase name="emmc" classname="emmc" time="0.00">
    <failure message="无法进入 /emmc 目录"><![CDATA[W/ftp] service go wrong, now wait restarting...
[W/ftp] service go wrong, now wait restarting...
No such directory: emmc]]></failure>
  </testcase>
  <testcase name="ftp" classname="ftp" time="3.64">
  </testcase>
  <testcase name="photo[auto]" classname="photo" time="46.13">
  </testcase>
  <testcase name="video" classname="video" time="9.80">
  </testcase>
</testsuite>