<?xml version="1.0" encoding="UTF-8"?>
<testsuite name="VX100_EVB" tests="8" failures="1" errors="0" skipped="2" time="133.22">
  <testcase name="wifi_check" classname="wifi_check" time="2.02">
  </testcase>
  <testcase name="wifi_scan" classname="wifi_scan" time="0.00">
    <skipped message="WiFi 已连接（IP=192.168.1.101），跳过扫描测试" />
  </testcase>
  <testcase name="wifi_join" classname="wifi_join" time="0.00">
    <skipped message="WiFi 已连接 (SW-test-2.4G/192.168.1.101)，跳过 join 测试" />
  </testcase>
  <testcase name="emmc" classname="emmc" time="2.00">
  </testcase>
  <testcase name="ftp" classname="ftp" time="6.38">
  </testcase>
  <testcase name="photo[auto]" classname="photo" time="7.26">
  </testcase>
  <testcase name="video" classname="video" time="23.20">
  </testcase>
  <testcase name="rtmp" classname="rtmp" time="92.35">
    <failure message="推流验证失败: ffprobe 退出码 1: rtmp://192.168.1.89/live/cam: Input/output error"><![CDATA[{'has_video': False, 'width': 0, 'height': 0, 'codec': '', 'ok': False, 'reason': 'ffprobe 退出码 1: rtmp://192.168.1.89/live/cam: Input/output error'}]]></failure>
  </testcase>
</testsuite>