<?xml version="1.0" encoding="UTF-8"?>
<testsuite name="VX100_EVB" tests="8" failures="1" errors="0" skipped="0" time="221.18">
  <testcase name="wifi_check" classname="wifi_check" time="2.02">
  </testcase>
  <testcase name="wifi_scan" classname="wifi_scan" time="4.14">
  </testcase>
  <testcase name="wifi_join" classname="wifi_join" time="8.00">
  </testcase>
  <testcase name="emmc" classname="emmc" time="1.83">
  </testcase>
  <testcase name="ftp" classname="ftp" time="4.56">
  </testcase>
  <testcase name="photo[auto]" classname="photo" time="38.90">
  </testcase>
  <testcase name="video" classname="video" time="136.77">
  </testcase>
  <testcase name="rtmp" classname="rtmp" time="24.97">
    <failure message="推流验证失败: 拉流文件未生成"><![CDATA[{'has_video': False, 'width': 0, 'height': 0, 'codec': '', 'duration': 0.0, 'ok': False, 'reason': '拉流文件未生成'}]]></failure>
  </testcase>
</testsuite>