<?xml version="1.0" encoding="UTF-8"?>
<testsuite name="VX100_EVB" tests="8" failures="1" errors="0" skipped="0" time="109.78">
  <testcase name="wifi_check" classname="wifi_check" time="2.02">
  </testcase>
  <testcase name="wifi_scan" classname="wifi_scan" time="4.13">
  </testcase>
  <testcase name="wifi_join" classname="wifi_join" time="10.01">
  </testcase>
  <testcase name="emmc" classname="emmc" time="2.00">
  </testcase>
  <testcase name="ftp" classname="ftp" time="2.83">
  </testcase>
  <testcase name="photo[auto]" classname="photo" time="20.07">
  </testcase>
  <testcase name="video" classname="video" time="45.46">
  </testcase>
  <testcase name="rtmp" classname="rtmp" time="23.27">
    <failure message="推流验证失败: ffprobe 退出码 1: rtmp://10.1.90.128/live/cam: Input/output error"><![CDATA[{'has_video': False, 'width': 0, 'height': 0, 'codec': '', 'ok': False, 'reason': 'ffprobe 退出码 1: rtmp://10.1.90.128/live/cam: Input/output error'}]]></failure>
  </testcase>
</testsuite>