<?xml version="1.0" encoding="UTF-8"?>
<testsuite name="VX100_EVB" tests="8" failures="0" errors="0" skipped="0" time="735.10">
  <testcase name="wifi_check" classname="wifi_check" time="2.02">
  </testcase>
  <testcase name="wifi_scan" classname="wifi_scan" time="3.80">
  </testcase>
  <testcase name="wifi_join" classname="wifi_join" time="13.00">
  </testcase>
  <testcase name="emmc" classname="emmc" time="1.00">
  </testcase>
  <testcase name="ftp" classname="ftp" time="6.63">
  </testcase>
  <testcase name="photo[auto]" classname="photo" time="17.36">
  </testcase>
  <testcase name="video" classname="video" time="442.51">
  </testcase>
  <testcase name="rtmp" classname="rtmp" time="248.79">
  </testcase>
</testsuite>