<?xml version="1.0" encoding="UTF-8"?>
<testsuite name="VX100_EVB" tests="8" failures="1" errors="0" skipped="4" time="7.75">
  <testcase name="wifi_check" classname="wifi_check" time="2.00">
  </testcase>
  <testcase name="wifi_scan" classname="wifi_scan" time="4.17">
  </testcase>
  <testcase name="wifi_join" classname="wifi_join" time="0.00">
    <failure message="连接失败或未获取 IP (G-Demo)"><![CDATA[wifi join G-Demo Gdemo@123
[W/ftp] service go wrong, now wait restarting...
[W/ftp] service go wrong, now wait restarting...
[W/ftp] service go wrong, now wait restarting...
[W/ftp] service go wrong, now wait restarting...
[W/ftp] service go wrong, now wait restarting...
[W/ftp] service go wrong, now wait restarting...
[I/WLAN.mgnt] wifi connect success ssid:G-Demo
[W/ftp] service go wrong, now wait restarting...
[W/ftp] service go wrong, now wait restarting...
[W/ftp] service go wrong, now wait restarting...
[W/ftp] service go wrong, now wait restarting...
[W/ftp] service go wrong, now wait restarting...
[W/ftp] service go wrong, now wait restarting...
whd_wifi_join_wait_for_complete: not ready to transceive (err 33555457); left network
Function whd_wifi_join failed at line 2164 checkres = 33555457 
msh />echo "__EVBTEST_END_a4acbc36__"
__EVBTEST_END_a4acbc36__
msh />[W/ftp] service go wrong, now wait restarting...
[W/ftp] service go wrong, now wait restarting...
[W/ftp] service go wrong, now wait restarting...
[W/ftp] service go wrong, now wait restarting...
[W/ftp] service go wrong, now wait restarting...
[W/ftp] service go wrong, now wait restarting...
[W/ftp] service go wrong, now wait restarting...
[W/ftp] service go wrong, now wait restarting...
[W/ftp] service go wrong, now wait restarting...
[W/ftp] service go wrong, now wait restarting...
[W/ftp] service go wrong, now wait restarting...
[W/ftp] service go wrong, now wait restarting...
[W/ftp] service go wrong, now wait restarting...
[W/ftp] service go wrong, now wait restarting...
[W/ftp] service go wrong, now wait restarting...
[W/ftp] service go wrong, now wait restarting...
[W/ftp] service go wrong, now wait restarting...
[W/ftp] service go wrong, now wait restarting...
]]></failure>
  </testcase>
  <testcase name="emmc" classname="emmc" time="1.58">
  </testcase>
  <testcase name="ftp" classname="ftp" time="0.00">
    <skipped message="依赖模块未通过: ['wifi_join']" />
  </testcase>
  <testcase name="photo" classname="photo" time="0.00">
    <skipped message="FTP 客户端不可用，跳过拍照" />
  </testcase>
  <testcase name="video" classname="video" time="0.00">
    <skipped message="FTP 客户端不可用，跳过录像" />
  </testcase>
  <testcase name="rtmp" classname="rtmp" time="0.00">
    <skipped message="依赖模块未通过: ['wifi_join']" />
  </testcase>
</testsuite>