<?xml version="1.0" encoding="UTF-8"?>
<testsuite name="VX100_EVB" tests="8" failures="2" errors="0" skipped="4" time="96.75">
  <testcase name="wifi_check" classname="wifi_check" time="2.02">
  </testcase>
  <testcase name="wifi_scan" classname="wifi_scan" time="0.00">
    <skipped message="WiFi 已连接（IP=192.168.1.101），跳过扫描测试" />
  </testcase>
  <testcase name="wifi_join" classname="wifi_join" time="0.00">
    <skipped message="WiFi 已连接 (SW-test-2.4G/192.168.1.101)，跳过 join 测试" />
  </testcase>
  <testcase name="emmc" classname="emmc" time="2.00">
  </testcase>
  <testcase name="ftp" classname="ftp" time="0.00">
    <failure message="FTP 客户端连接失败: FTP 连接失败（重试 3 次）: [Errno 113] No route to host"><![CDATA[ftp_server

[FTP] Ftp server init success!!!
msh /emmc>echo "__EVBTEST_END_eb13614d__"
__EVBTEST_END_eb13614d__
msh /emmc>[I/ftp] service launched success.
]]></failure>
  </testcase>
  <testcase name="photo" classname="photo" time="0.00">
    <skipped message="依赖模块未通过: ['ftp']" />
  </testcase>
  <testcase name="video" classname="video" time="0.00">
    <skipped message="依赖模块未通过: ['ftp']" />
  </testcase>
  <testcase name="rtmp" classname="rtmp" time="92.73">
    <failure message="推流验证失败: ffprobe 退出码 1: rtmp://192.168.1.99/live/cam: Input/output error"><![CDATA[{'has_video': False, 'width': 0, 'height': 0, 'codec': '', 'ok': False, 'reason': 'ffprobe 退出码 1: rtmp://192.168.1.99/live/cam: Input/output error'}]]></failure>
  </testcase>
</testsuite>