<?xml version="1.0" encoding="UTF-8"?>
<testsuite name="VX100_EVB" tests="6" failures="0" errors="0" skipped="0" time="28.74">
  <testcase name="wifi_scan" classname="wifi_scan" time="3.81">
  </testcase>
  <testcase name="wifi_join" classname="wifi_join" time="8.00">
  </testcase>
  <testcase name="emmc" classname="emmc" time="2.00">
  </testcase>
  <testcase name="ftp" classname="ftp" time="2.42">
  </testcase>
  <testcase name="photo[auto]" classname="photo" time="5.21">
  </testcase>
  <testcase name="video" classname="video" time="7.29">
  </testcase>
</testsuite>