<?xml version="1.0" encoding="UTF-8"?>
<testsuite name="VX100_EVB" tests="7" failures="0" errors="0" skipped="2" time="117.58">
  <testcase name="wifi_check" classname="wifi_check" time="0.03">
  </testcase>
  <testcase name="wifi_scan" classname="wifi_scan" time="0.00">
    <skipped message="WiFi 已连接（IP=10.1.90.71），跳过扫描测试" />
  </testcase>
  <testcase name="wifi_join" classname="wifi_join" time="0.00">
    <skipped message="WiFi 已连接 (G-Demo/10.1.90.71)，跳过 join 测试" />
  </testcase>
  <testcase name="emmc" classname="emmc" time="0.11">
  </testcase>
  <testcase name="ftp" classname="ftp" time="1.53">
  </testcase>
  <testcase name="photo[auto]" classname="photo" time="25.70">
  </testcase>
  <testcase name="video" classname="video" time="90.21">
  </testcase>
</testsuite>