<?xml version="1.0" encoding="UTF-8"?>
<testsuite name="VX100_EVB" tests="8" failures="0" errors="0" skipped="0" time="132.86">
  <testcase name="wifi_check" classname="wifi_check" time="2.02">
  </testcase>
  <testcase name="wifi_scan" classname="wifi_scan" time="3.82">
  </testcase>
  <testcase name="wifi_join" classname="wifi_join" time="10.01">
  </testcase>
  <testcase name="emmc" classname="emmc" time="2.00">
  </testcase>
  <testcase name="ftp" classname="ftp" time="3.26">
  </testcase>
  <testcase name="photo[auto]" classname="photo" time="25.69">
  </testcase>
  <testcase name="video" classname="video" time="71.05">
  </testcase>
  <testcase name="rtmp" classname="rtmp" time="15.01">
  </testcase>
</testsuite>