<?xml version="1.0" encoding="UTF-8"?>
<testsuite name="VX100_EVB" tests="8" failures="1" errors="0" skipped="4" time="6.17">
  <testcase name="wifi_check" classname="wifi_check" time="2.02">
  </testcase>
  <testcase name="wifi_scan" classname="wifi_scan" time="4.13">
  </testcase>
  <testcase name="wifi_join" classname="wifi_join" time="0.00">
    <failure message="连接失败或未获取 IP (G-Demo)"><![CDATA[wifi join G-Demo Gdemo@123
[W/WLAN.mgnt] F:rt_wlan_connect L:935 not find ap! ssid:G-Demo,info.ssid.len=6
msh />echo "__EVBTEST_END_c68e6b69__"
__EVBTEST_END_c68e6b69__
msh />]]></failure>
  </testcase>
  <testcase name="emmc" classname="emmc" time="0.02">
  </testcase>
  <testcase name="ftp" classname="ftp" time="0.00">
    <skipped message="依赖模块未通过: ['wifi_join']" />
  </testcase>
  <testcase name="photo" classname="photo" time="0.00">
    <skipped message="FTP 客户端不可用，跳过拍照" />
  </testcase>
  <testcase name="video" classname="video" time="0.00">
    <skipped message="FTP 客户端不可用，跳过录像" />
  </testcase>
  <testcase name="rtmp" classname="rtmp" time="0.00">
    <skipped message="依赖模块未通过: ['wifi_join']" />
  </testcase>
</testsuite>