<?xml version="1.0" encoding="UTF-8"?>
<testsuite name="VX100_EVB" tests="6" failures="1" errors="0" skipped="5" time="0.00">
  <testcase name="wifi_scan" classname="wifi_scan" time="0.00">
    <skipped message="WiFi 已交互连接，跳过扫描测试" />
  </testcase>
  <testcase name="wifi_join" classname="wifi_join" time="0.00">
    <skipped message="依赖模块未通过: ['wifi_scan']" />
  </testcase>
  <testcase name="emmc" classname="emmc" time="0.00">
    <failure message="无法进入 /emmc 目录"><![CDATA[c synced: 2026-08-13 01:29:31 (tick=619487072)
No such directory: emmc]]></failure>
  </testcase>
  <testcase name="ftp" classname="ftp" time="0.00">
    <skipped message="依赖模块未通过: ['wifi_join']" />
  </testcase>
  <testcase name="photo" classname="photo" time="0.00">
    <skipped message="依赖模块未通过: ['ftp']" />
  </testcase>
  <testcase name="video" classname="video" time="0.00">
    <skipped message="依赖模块未通过: ['ftp']" />
  </testcase>
</testsuite>