<?xml version="1.0" encoding="UTF-8"?>
<testsuite name="VX100_EVB" tests="8" failures="0" errors="0" skipped="2" time="991.18">
  <testcase name="wifi_check" classname="wifi_check" time="2.02">
  </testcase>
  <testcase name="wifi_scan" classname="wifi_scan" time="0.00">
    <skipped message="WiFi 已连接（IP=192.168.1.101），跳过扫描测试" />
  </testcase>
  <testcase name="wifi_join" classname="wifi_join" time="0.00">
    <skipped message="WiFi 已连接 (SW-test-2.4G/192.168.1.101)，跳过 join 测试" />
  </testcase>
  <testcase name="emmc" classname="emmc" time="2.00">
  </testcase>
  <testcase name="ftp" classname="ftp" time="6.34">
  </testcase>
  <testcase name="photo[auto]" classname="photo" time="9.03">
  </testcase>
  <testcase name="video" classname="video" time="360.88">
  </testcase>
  <testcase name="rtmp" classname="rtmp" time="610.90">
  </testcase>
</testsuite>