<?xml version="1.0" encoding="UTF-8"?>
<testsuite name="VX100_EVB" tests="8" failures="1" errors="0" skipped="2" time="276.31">
  <testcase name="wifi_check" classname="wifi_check" time="0.30">
  </testcase>
  <testcase name="wifi_scan" classname="wifi_scan" time="0.00">
    <skipped message="WiFi 已连接（IP=10.1.90.71），跳过扫描测试" />
  </testcase>
  <testcase name="wifi_join" classname="wifi_join" time="0.00">
    <skipped message="WiFi 已连接 (G-Demo/10.1.90.71)，跳过 join 测试" />
  </testcase>
  <testcase name="emmc" classname="emmc" time="0.44">
  </testcase>
  <testcase name="ftp" classname="ftp" time="8.11">
  </testcase>
  <testcase name="photo[auto]" classname="photo" time="9.54">
  </testcase>
  <testcase name="video" classname="video" time="17.20">
  </testcase>
  <testcase name="rtmp" classname="rtmp" time="240.72">
    <failure message="推流验证失败: ffprobe 探测超时(45.0s)"><![CDATA[{'has_video': False, 'width': 0, 'height': 0, 'codec': '', 'ok': False, 'reason': 'ffprobe 探测超时(45.0s)'}]]></failure>
  </testcase>
</testsuite>